<?xml version="1.0" encoding="UTF-8" ?>
<testsuite tests="1" failures="1" name="vistas.VistaMenuInicialTest" time="0.513" errors="0" skipped="0">
  <properties>
[...]
</properties>
  <testcase classname="vistas.VistaMenuInicialTest" name="vistas.VistaMenuInicialTest.testGetRoot" time="0.513">
    <failure type="java.lang.ExceptionInInitializerError">java.lang.ExceptionInInitializerError
	at vistas.VistaMenuInicial.crearBotones(VistaMenuInicial.java:59)
	at vistas.VistaMenuInicial.&lt;init&gt;(VistaMenuInicial.java:39)
	at vistas.VistaMenuInicialTest.testGetRoot(VistaMenuInicialTest.java:48)
Caused by: java.lang.IllegalStateException: Toolkit not initialized
	at com.sun.javafx.application.PlatformImpl.runLater(PlatformImpl.java:410)
	at com.sun.javafx.application.PlatformImpl.runLater(PlatformImpl.java:405)
	at com.sun.javafx.application.PlatformImpl.setPlatformUserAgentStylesheet(PlatformImpl.java:695)
	at com.sun.javafx.application.PlatformImpl.setDefaultPlatformUserAgentStylesheet(PlatformImpl.java:657)
	at javafx.scene.control.Control.&lt;clinit&gt;(Control.java:99)
	... 21 more
</failure>
    <system-out>getRoot
</system-out>
  </testcase>
</testsuite>